Mon Oct 02 18:26:09 CDT 2023 : Servidor de red Apache Derby: Se ha iniciado 10.11.1.2 - (1629631) y está listo para aceptar las conexiones en el puerto 1527
----------------------------------------------------------------
Mon Oct 02 18:26:09 CDT 2023:
 Iniciando instancia a816c00e-018a-f2b6-9e8c-000007e1752c de Derby, versión The Apache Software Foundation - Apache Derby - 10.11.1.2 - (1629631): 
en el directorio de base de datos D:\aimee\Documents\programacion\java\PlatillosJava\Miconexion\y con el cargador de clases sun.misc.Launcher$AppClassLoader@6f94fa3e
Cargado desde file:/D:/aimee/Descargas/programas/java/jdk1.8.0_111/db/lib/derby.jar
java.vendor=Oracle Corporation
java.runtime.version=1.8.0_111-b14
user.dir=D:\aimee\Descargas\programas\java\jdk1.8.0_111\db
os.name=Windows 10
os.arch=amd64
os.version=10.0
derby.system.home=D:\aimee\Documents\programacion\java\PlatillosJava\Miconexion
Cargador de clases de base de datos iniciado - derby.database.classpath=''
----------------------------------------------------------------
Mon Oct 02 18:26:20 CDT 2023:
 Iniciando instancia f55fc0a6-018a-f2b6-9e8c-000007e1752c de Derby, versión The Apache Software Foundation - Apache Derby - 10.11.1.2 - (1629631): 
en el directorio de base de datos D:\aimee\Documents\programacion\java\PlatillosJava\Miconexion\ordenar_cafeteria con el cargador de clases sun.misc.Launcher$AppClassLoader@6f94fa3e
Cargado desde file:/D:/aimee/Descargas/programas/java/jdk1.8.0_111/db/lib/derby.jar
java.vendor=Oracle Corporation
java.runtime.version=1.8.0_111-b14
user.dir=D:\aimee\Descargas\programas\java\jdk1.8.0_111\db
os.name=Windows 10
os.arch=amd64
os.version=10.0
derby.system.home=D:\aimee\Documents\programacion\java\PlatillosJava\Miconexion
Cargador de clases de base de datos iniciado - derby.database.classpath=''
----------------------------------------------------------------
Mon Oct 02 18:26:57 CDT 2023: cerrando motor de Derby
